#-----------------------------------------------------------
# Vivado v2017.4 (64-bit)
# SW Build 2086221 on Fri Dec 15 20:55:39 MST 2017
# IP Build 2085800 on Fri Dec 15 22:25:07 MST 2017
# Start of session at: Sun Dec  2 18:21:44 2018
# Process ID: 12404
# Current directory: D:/Vivado/final/final_002
# Command line: vivado.exe -gui_launcher_event rodinguilauncherevent11796 D:\Vivado\final\final_002\final_002.xpr
# Log file: D:/Vivado/final/final_002/vivado.log
# Journal file: D:/Vivado/final/final_002\vivado.jou
#-----------------------------------------------------------
start_gui
open_project D:/Vivado/final/final_002/final_002.xpr
Scanning sources...
Finished scanning sources
WARNING: [filemgmt 56-3] IP Repository Path: Could not find the directory 'D:/Vivado/final/alltopip'.
INFO: [IP_Flow 19-234] Refreshing IP repositories
WARNING: [IP_Flow 19-2248] Failed to load user IP repository 'd:/Vivado/final/alltopip'; Can't find the specified path.
If this directory should no longer be in your list of user repositories, go to the IP Settings dialog and remove it.
INFO: [IP_Flow 19-2313] Loaded Vivado IP repository 'D:/Vivado/Vivado/2017.4/data/ip'.
WARNING: [BD 41-1661] One or more IPs have been locked in the design 'design_1.bd'. Please run report_ip_status for more details and recommendations on how to fix this issue.
List of locked IPs:
design_1_top_0_0

open_project: Time (s): cpu = 00:00:23 ; elapsed = 00:00:45 . Memory (MB): peak = 762.000 ; gain = 124.199
update_compile_order -fileset sources_1
exit
INFO: [Common 17-206] Exiting Vivado at Sun Dec  2 18:24:35 2018...
