Copyright 1986-2019 Xilinx, Inc. All Rights Reserved.
---------------------------------------------------------------------------------------------
| Tool Version : Vivado v.2019.1.3 (win64) Build 2644227 Wed Sep  4 09:45:24 MDT 2019
| Date         : Fri Nov 22 17:14:12 2019
| Host         : DESKTOP-404 running 64-bit major release  (build 9200)
| Command      : report_control_sets -verbose -file design_1_wrapper_control_sets_placed.rpt
| Design       : design_1_wrapper
| Device       : xc7z020
---------------------------------------------------------------------------------------------

Control Set Information

Table of Contents
-----------------
1. Summary
2. Histogram
3. Flip-Flop Distribution
4. Detailed Control Set Information

1. Summary
----------

+----------------------------------------------------------+-------+
|                          Status                          | Count |
+----------------------------------------------------------+-------+
| Total control sets                                       |   107 |
|    Minimum number of control sets                        |   107 |
|    Addition due to synthesis replication                 |     0 |
|    Addition due to physical synthesis replication        |     0 |
| Unused register locations in slices containing registers |   358 |
+----------------------------------------------------------+-------+
* Control sets can be merged at opt_design using control_set_merge or merge_equivalent_drivers
** Run report_qor_suggestions for automated merging and remapping suggestions


2. Histogram
------------

+--------------------+-------+
|       Fanout       | Count |
+--------------------+-------+
| Total control sets |   107 |
| >= 0 to < 4        |    14 |
| >= 4 to < 6        |    22 |
| >= 6 to < 8        |     7 |
| >= 8 to < 10       |     7 |
| >= 10 to < 12      |     1 |
| >= 12 to < 14      |     6 |
| >= 14 to < 16      |     3 |
| >= 16              |    47 |
+--------------------+-------+
* Control sets can be remapped at either synth_design or opt_design


3. Flip-Flop Distribution
-------------------------

+--------------+-----------------------+------------------------+-----------------+--------------+
| Clock Enable | Synchronous Set/Reset | Asynchronous Set/Reset | Total Registers | Total Slices |
+--------------+-----------------------+------------------------+-----------------+--------------+
| No           | No                    | No                     |            1283 |          324 |
| No           | No                    | Yes                    |               0 |            0 |
| No           | Yes                   | No                     |             315 |           97 |
| Yes          | No                    | No                     |            1048 |          248 |
| Yes          | No                    | Yes                    |               0 |            0 |
| Yes          | Yes                   | No                     |             308 |           80 |
+--------------+-----------------------+------------------------+-----------------+--------------+


4. Detailed Control Set Information
-----------------------------------

+----------------------------------------------------+-------------------------------------------------------------------------------------------------------------------------------------------------------------------------------------------------+-----------------------------------------------------------------------------------------------------------------------------------------------------------+------------------+----------------+
|                    Clock Signal                    |                                                                                          Enable Signal                                                                                          |                                                                      Set/Reset Signal                                                                     | Slice Load Count | Bel Load Count |
+----------------------------------------------------+-------------------------------------------------------------------------------------------------------------------------------------------------------------------------------------------------+-----------------------------------------------------------------------------------------------------------------------------------------------------------+------------------+----------------+
|  design_1_i/top_0/inst/instance_name/inst/clk_out1 | design_1_i/top_0/inst/ReadMic/your_instance_name3/U0/i_synth/decimator.decimation_filter/op_rate_en                                                                                             | design_1_i/top_0/inst/ReadMic/your_instance_name3/U0/i_synth/decimator.decimation_filter/op_rate_cnt[5]_i_1_n_0                                           |                1 |              1 |
|  design_1_i/top_0/inst/instance_name/inst/clk_out1 | design_1_i/top_0/inst/ReadMic/your_instance_name1/U0/i_synth/decimator.decimation_filter/op_rate_en                                                                                             | design_1_i/top_0/inst/ReadMic/your_instance_name1/U0/i_synth/decimator.decimation_filter/op_rate_cnt[5]_i_1_n_0                                           |                1 |              1 |
|  design_1_i/top_0/inst/instance_name/inst/clk_out1 | design_1_i/top_0/inst/ReadMic/your_instance_name4/U0/i_synth/decimator.decimation_filter/int/gen_stages[0].gen_folded.int_comb_stage/gen_nd_out_dly/gen_rtl.gen_dly.gen_pipe.delay_bus_reg[4]_0 | design_1_i/top_0/inst/ReadMic/your_instance_name4/U0/i_synth/decimator.decimation_filter/int/gen_stages[0].gen_folded.int_comb_stage/gen_nd_out_dly/SR[0] |                1 |              1 |
|  design_1_i/top_0/inst/instance_name/inst/clk_out1 | design_1_i/top_0/inst/ReadMic/your_instance_name1/U0/i_synth/decimator.decimation_filter/int/gen_stages[0].gen_folded.int_comb_stage/gen_nd_out_dly/gen_rtl.gen_dly.gen_pipe.delay_bus_reg[4]_0 | design_1_i/top_0/inst/ReadMic/your_instance_name1/U0/i_synth/decimator.decimation_filter/int/gen_stages[0].gen_folded.int_comb_stage/gen_nd_out_dly/SR[0] |                1 |              1 |
|  design_1_i/top_0/inst/instance_name/inst/clk_out1 | design_1_i/top_0/inst/ReadMic/your_instance_name3/U0/i_synth/decimator.decimation_filter/int/gen_stages[0].gen_folded.int_comb_stage/gen_nd_out_dly/gen_rtl.gen_dly.gen_pipe.delay_bus_reg[4]_0 | design_1_i/top_0/inst/ReadMic/your_instance_name3/U0/i_synth/decimator.decimation_filter/int/gen_stages[0].gen_folded.int_comb_stage/gen_nd_out_dly/SR[0] |                1 |              1 |
|  design_1_i/top_0/inst/instance_name/inst/clk_out1 | design_1_i/top_0/inst/ReadMic/your_instance_name5/U0/i_synth/decimator.decimation_filter/int/gen_stages[0].gen_folded.int_comb_stage/gen_nd_out_dly/gen_rtl.gen_dly.gen_pipe.delay_bus_reg[4]_0 | design_1_i/top_0/inst/ReadMic/your_instance_name5/U0/i_synth/decimator.decimation_filter/int/gen_stages[0].gen_folded.int_comb_stage/gen_nd_out_dly/SR[0] |                1 |              1 |
|  design_1_i/top_0/inst/instance_name/inst/clk_out1 | design_1_i/top_0/inst/ReadMic/your_instance_name4/U0/i_synth/decimator.decimation_filter/op_rate_en                                                                                             | design_1_i/top_0/inst/ReadMic/your_instance_name4/U0/i_synth/decimator.decimation_filter/op_rate_cnt[5]_i_1_n_0                                           |                1 |              1 |
|  design_1_i/top_0/inst/instance_name/inst/clk_out1 | design_1_i/top_0/inst/ReadMic/your_instance_name5/U0/i_synth/decimator.decimation_filter/op_rate_en                                                                                             | design_1_i/top_0/inst/ReadMic/your_instance_name5/U0/i_synth/decimator.decimation_filter/op_rate_cnt[5]_i_1_n_0                                           |                1 |              1 |
|  design_1_i/top_0/inst/instance_name/inst/clk_out1 | design_1_i/top_0/inst/ReadMic/your_instance_name6/U0/i_synth/decimator.decimation_filter/op_rate_en                                                                                             | design_1_i/top_0/inst/ReadMic/your_instance_name6/U0/i_synth/decimator.decimation_filter/op_rate_cnt[5]_i_1_n_0                                           |                1 |              1 |
|  design_1_i/top_0/inst/instance_name/inst/clk_out1 | design_1_i/top_0/inst/ReadMic/your_instance_name2/U0/i_synth/decimator.decimation_filter/int/gen_stages[0].gen_folded.int_comb_stage/gen_nd_out_dly/gen_rtl.gen_dly.gen_pipe.delay_bus_reg[4]_0 | design_1_i/top_0/inst/ReadMic/your_instance_name2/U0/i_synth/decimator.decimation_filter/int/gen_stages[0].gen_folded.int_comb_stage/gen_nd_out_dly/SR[0] |                1 |              1 |
|  design_1_i/top_0/inst/instance_name/inst/clk_out1 | design_1_i/top_0/inst/ReadMic/your_instance_name2/U0/i_synth/decimator.decimation_filter/op_rate_en                                                                                             | design_1_i/top_0/inst/ReadMic/your_instance_name2/U0/i_synth/decimator.decimation_filter/op_rate_cnt[5]_i_1_n_0                                           |                1 |              1 |
|  design_1_i/top_0/inst/instance_name/inst/clk_out1 | design_1_i/top_0/inst/ReadMic/your_instance_name6/U0/i_synth/decimator.decimation_filter/int/gen_stages[0].gen_folded.int_comb_stage/gen_nd_out_dly/gen_rtl.gen_dly.gen_pipe.delay_bus_reg[4]_0 | design_1_i/top_0/inst/ReadMic/your_instance_name6/U0/i_synth/decimator.decimation_filter/int/gen_stages[0].gen_folded.int_comb_stage/gen_nd_out_dly/SR[0] |                1 |              1 |
|  design_1_i/processing_system7_0/inst/FCLK_CLK0    | design_1_i/ps7_0_axi_periph/s00_couplers/auto_pc/inst/gen_axilite.gen_b2s_conv.axilite_b2s/WR.b_channel_0/bid_fifo_0/bresp_push                                                                 |                                                                                                                                                           |                1 |              2 |
|  design_1_i/top_0/inst/instance_name/inst/clk_out1 |                                                                                                                                                                                                 | design_1_i/top_0/inst/ReadMic/timer_cnt_reg[2]                                                                                                            |                1 |              3 |
|  design_1_i/processing_system7_0/inst/FCLK_CLK0    | design_1_i/axi_gpio_0/U0/AXI_LITE_IPIF_I/I_SLAVE_ATTACHMENT/start2                                                                                                                              | design_1_i/axi_gpio_0/U0/AXI_LITE_IPIF_I/I_SLAVE_ATTACHMENT/I_DECODER/cs_ce_clr                                                                           |                1 |              4 |
|  design_1_i/top_0/inst/instance_name/inst/clk_out1 | design_1_i/top_0/inst/ReadMic/your_instance_name3/U0/i_synth/decimator.decimation_filter/ip_rate_cnt_en_reg_n_0                                                                                 |                                                                                                                                                           |                1 |              4 |
|  design_1_i/processing_system7_0/inst/FCLK_CLK0    |                                                                                                                                                                                                 | design_1_i/axi_gpio_0/U0/AXI_LITE_IPIF_I/I_SLAVE_ATTACHMENT/clear                                                                                         |                1 |              4 |
|  design_1_i/processing_system7_0/inst/FCLK_CLK0    |                                                                                                                                                                                                 | design_1_i/ps7_0_axi_periph/s00_couplers/auto_pc/inst/gen_axilite.gen_b2s_conv.axilite_b2s/SI_REG/aw.aw_pipe/aresetn_d_reg[0]_0                           |                2 |              4 |
|  design_1_i/processing_system7_0/inst/FCLK_CLK0    | design_1_i/axi_gpio_1/U0/AXI_LITE_IPIF_I/I_SLAVE_ATTACHMENT/start2                                                                                                                              | design_1_i/axi_gpio_1/U0/AXI_LITE_IPIF_I/I_SLAVE_ATTACHMENT/I_DECODER/cs_ce_clr                                                                           |                2 |              4 |
|  design_1_i/processing_system7_0/inst/FCLK_CLK0    | design_1_i/axi_gpio_1/U0/AXI_LITE_IPIF_I/I_SLAVE_ATTACHMENT/bus2ip_addr_i[8]_i_1_n_0                                                                                                            | design_1_i/axi_gpio_1/U0/AXI_LITE_IPIF_I/I_SLAVE_ATTACHMENT/SR[0]                                                                                         |                1 |              4 |
|  design_1_i/processing_system7_0/inst/FCLK_CLK0    | design_1_i/axi_gpio_0/U0/AXI_LITE_IPIF_I/I_SLAVE_ATTACHMENT/bus2ip_addr_i[8]_i_1_n_0                                                                                                            | design_1_i/axi_gpio_0/U0/AXI_LITE_IPIF_I/I_SLAVE_ATTACHMENT/SR[0]                                                                                         |                1 |              4 |
|  design_1_i/top_0/inst/instance_name/inst/clk_out1 | design_1_i/top_0/inst/ReadMic/your_instance_name5/U0/i_synth/decimator.decimation_filter/ip_rate_cnt_en_reg_n_0                                                                                 |                                                                                                                                                           |                1 |              4 |
|  design_1_i/processing_system7_0/inst/FCLK_CLK0    | design_1_i/axi_gpio_2/U0/AXI_LITE_IPIF_I/I_SLAVE_ATTACHMENT/bus2ip_addr_i[8]_i_1_n_0                                                                                                            | design_1_i/axi_gpio_2/U0/AXI_LITE_IPIF_I/I_SLAVE_ATTACHMENT/SR[0]                                                                                         |                1 |              4 |
|  design_1_i/processing_system7_0/inst/FCLK_CLK0    | design_1_i/axi_gpio_2/U0/AXI_LITE_IPIF_I/I_SLAVE_ATTACHMENT/start2                                                                                                                              | design_1_i/axi_gpio_2/U0/AXI_LITE_IPIF_I/I_SLAVE_ATTACHMENT/I_DECODER/cs_ce_clr                                                                           |                2 |              4 |
|  design_1_i/top_0/inst/instance_name/inst/clk_out1 | design_1_i/top_0/inst/ReadMic/your_instance_name4/U0/i_synth/decimator.decimation_filter/ip_rate_cnt_en_reg_n_0                                                                                 |                                                                                                                                                           |                1 |              4 |
|  design_1_i/processing_system7_0/inst/FCLK_CLK0    |                                                                                                                                                                                                 | design_1_i/axi_gpio_1/U0/AXI_LITE_IPIF_I/I_SLAVE_ATTACHMENT/clear                                                                                         |                1 |              4 |
|  design_1_i/top_0/inst/instance_name/inst/clk_out1 | design_1_i/top_0/inst/ReadMic/your_instance_name1/U0/i_synth/decimator.decimation_filter/ip_rate_cnt_en_reg_n_0                                                                                 |                                                                                                                                                           |                1 |              4 |
|  design_1_i/top_0/inst/instance_name/inst/clk_out1 | design_1_i/top_0/inst/ReadMic/your_instance_name6/U0/i_synth/decimator.decimation_filter/ip_rate_cnt_en_reg_n_0                                                                                 |                                                                                                                                                           |                1 |              4 |
|  design_1_i/top_0/inst/instance_name/inst/clk_out1 | design_1_i/top_0/inst/ReadMic/your_instance_name2/U0/i_synth/decimator.decimation_filter/ip_rate_cnt_en_reg_n_0                                                                                 |                                                                                                                                                           |                1 |              4 |
|  design_1_i/processing_system7_0/inst/FCLK_CLK0    |                                                                                                                                                                                                 | design_1_i/axi_gpio_2/U0/AXI_LITE_IPIF_I/I_SLAVE_ATTACHMENT/clear                                                                                         |                1 |              4 |
|  design_1_i/processing_system7_0/inst/FCLK_CLK0    |                                                                                                                                                                                                 | design_1_i/ps7_0_axi_periph/s00_couplers/auto_pc/inst/gen_axilite.gen_b2s_conv.axilite_b2s/SI_REG/ar.ar_pipe/aresetn_d_reg[1]_inv_0                       |                3 |              4 |
|  design_1_i/processing_system7_0/inst/FCLK_CLK0    | design_1_i/ps7_0_axi_periph/s00_couplers/auto_pc/inst/gen_axilite.gen_b2s_conv.axilite_b2s/RD.r_channel_0/transaction_fifo_0/E[0]                                                               | design_1_i/ps7_0_axi_periph/s00_couplers/auto_pc/inst/gen_axilite.gen_b2s_conv.axilite_b2s/areset_d1                                                      |                2 |              5 |
|  design_1_i/processing_system7_0/inst/FCLK_CLK0    |                                                                                                                                                                                                 | design_1_i/rst_ps7_0_100M/U0/EXT_LPF/lpf_int                                                                                                              |                2 |              5 |
|  design_1_i/processing_system7_0/inst/FCLK_CLK0    | design_1_i/ps7_0_axi_periph/s00_couplers/auto_pc/inst/gen_axilite.gen_b2s_conv.axilite_b2s/RD.ar_channel_0/ar_cmd_fsm_0/m_axi_arready_0                                                         | design_1_i/ps7_0_axi_periph/s00_couplers/auto_pc/inst/gen_axilite.gen_b2s_conv.axilite_b2s/RD.ar_channel_0/ar_cmd_fsm_0/FSM_sequential_state_reg[1]_0     |                2 |              5 |
|  design_1_i/processing_system7_0/inst/FCLK_CLK0    | design_1_i/ps7_0_axi_periph/s00_couplers/auto_pc/inst/gen_axilite.gen_b2s_conv.axilite_b2s/WR.aw_channel_0/aw_cmd_fsm_0/m_valid_i_reg_0                                                         | design_1_i/ps7_0_axi_periph/s00_couplers/auto_pc/inst/gen_axilite.gen_b2s_conv.axilite_b2s/WR.aw_channel_0/aw_cmd_fsm_0/m_valid_i_reg                     |                2 |              5 |
|  design_1_i/processing_system7_0/inst/FCLK_CLK0    | design_1_i/ps7_0_axi_periph/s00_couplers/auto_pc/inst/gen_axilite.gen_b2s_conv.axilite_b2s/RD.r_channel_0/transaction_fifo_0/cnt_read[4]_i_1__0_n_0                                             | design_1_i/ps7_0_axi_periph/s00_couplers/auto_pc/inst/gen_axilite.gen_b2s_conv.axilite_b2s/areset_d1                                                      |                2 |              5 |
|  design_1_i/top_0/inst/instance_name/inst/clk_out1 | design_1_i/top_0/inst/ReadMic/your_instance_name2/U0/i_synth/decimator.decimation_filter/int/gen_stages[0].gen_folded.int_comb_stage/gen_nd_out_dly/gen_rtl.gen_dly.gen_pipe.delay_bus_reg[4]_0 |                                                                                                                                                           |                2 |              6 |
|  design_1_i/processing_system7_0/inst/FCLK_CLK0    | design_1_i/rst_ps7_0_100M/U0/SEQ/seq_cnt_en                                                                                                                                                     | design_1_i/rst_ps7_0_100M/U0/SEQ/SEQ_COUNTER/clear                                                                                                        |                1 |              6 |
|  design_1_i/top_0/inst/instance_name/inst/clk_out1 | design_1_i/top_0/inst/ReadMic/your_instance_name3/U0/i_synth/decimator.decimation_filter/int/gen_stages[0].gen_folded.int_comb_stage/gen_nd_out_dly/gen_rtl.gen_dly.gen_pipe.delay_bus_reg[4]_0 |                                                                                                                                                           |                2 |              6 |
|  design_1_i/top_0/inst/instance_name/inst/clk_out1 | design_1_i/top_0/inst/ReadMic/your_instance_name1/U0/i_synth/decimator.decimation_filter/int/gen_stages[0].gen_folded.int_comb_stage/gen_nd_out_dly/gen_rtl.gen_dly.gen_pipe.delay_bus_reg[4]_0 |                                                                                                                                                           |                2 |              6 |
|  design_1_i/top_0/inst/instance_name/inst/clk_out1 | design_1_i/top_0/inst/ReadMic/your_instance_name4/U0/i_synth/decimator.decimation_filter/int/gen_stages[0].gen_folded.int_comb_stage/gen_nd_out_dly/gen_rtl.gen_dly.gen_pipe.delay_bus_reg[4]_0 |                                                                                                                                                           |                2 |              6 |
|  design_1_i/top_0/inst/instance_name/inst/clk_out1 | design_1_i/top_0/inst/ReadMic/your_instance_name5/U0/i_synth/decimator.decimation_filter/int/gen_stages[0].gen_folded.int_comb_stage/gen_nd_out_dly/gen_rtl.gen_dly.gen_pipe.delay_bus_reg[4]_0 |                                                                                                                                                           |                2 |              6 |
|  design_1_i/top_0/inst/instance_name/inst/clk_out1 | design_1_i/top_0/inst/ReadMic/your_instance_name6/U0/i_synth/decimator.decimation_filter/int/gen_stages[0].gen_folded.int_comb_stage/gen_nd_out_dly/gen_rtl.gen_dly.gen_pipe.delay_bus_reg[4]_0 |                                                                                                                                                           |                2 |              6 |
|  design_1_i/processing_system7_0/inst/FCLK_CLK0    | design_1_i/ps7_0_axi_periph/s00_couplers/auto_pc/inst/gen_axilite.gen_b2s_conv.axilite_b2s/WR.b_channel_0/mhandshake_r                                                                          | design_1_i/ps7_0_axi_periph/s00_couplers/auto_pc/inst/gen_axilite.gen_b2s_conv.axilite_b2s/WR.b_channel_0/bid_fifo_0/SR[0]                                |                3 |              8 |
|  design_1_i/top_0/inst/instance_name/inst/clk_out1 | design_1_i/top_0/inst/ReadMic/your_instance_name5/U0/i_synth/decimator.decimation_filter/op_rate_en                                                                                             |                                                                                                                                                           |                3 |              9 |
|  design_1_i/top_0/inst/instance_name/inst/clk_out1 | design_1_i/top_0/inst/ReadMic/your_instance_name2/U0/i_synth/decimator.decimation_filter/op_rate_en                                                                                             |                                                                                                                                                           |                3 |              9 |
|  design_1_i/top_0/inst/instance_name/inst/clk_out1 | design_1_i/top_0/inst/ReadMic/your_instance_name4/U0/i_synth/decimator.decimation_filter/op_rate_en                                                                                             |                                                                                                                                                           |                3 |              9 |
|  design_1_i/top_0/inst/instance_name/inst/clk_out1 | design_1_i/top_0/inst/ReadMic/your_instance_name6/U0/i_synth/decimator.decimation_filter/op_rate_en                                                                                             |                                                                                                                                                           |                3 |              9 |
|  design_1_i/top_0/inst/instance_name/inst/clk_out1 | design_1_i/top_0/inst/ReadMic/your_instance_name1/U0/i_synth/decimator.decimation_filter/op_rate_en                                                                                             |                                                                                                                                                           |                3 |              9 |
|  design_1_i/top_0/inst/instance_name/inst/clk_out1 | design_1_i/top_0/inst/ReadMic/your_instance_name3/U0/i_synth/decimator.decimation_filter/op_rate_en                                                                                             |                                                                                                                                                           |                2 |              9 |
|  design_1_i/processing_system7_0/inst/FCLK_CLK0    |                                                                                                                                                                                                 | design_1_i/ps7_0_axi_periph/s00_couplers/auto_pc/inst/gen_axilite.gen_b2s_conv.axilite_b2s/areset_d1                                                      |                4 |             10 |
|  design_1_i/processing_system7_0/inst/FCLK_CLK0    | design_1_i/ps7_0_axi_periph/s00_couplers/auto_pc/inst/gen_axilite.gen_b2s_conv.axilite_b2s/WR.aw_channel_0/cmd_translator_0/incr_cmd_0/axaddr_incr[11]_i_1_n_0                                  |                                                                                                                                                           |                2 |             12 |
|  design_1_i/processing_system7_0/inst/FCLK_CLK0    | design_1_i/ps7_0_axi_periph/s00_couplers/auto_pc/inst/gen_axilite.gen_b2s_conv.axilite_b2s/RD.ar_channel_0/ar_cmd_fsm_0/E[0]                                                                    |                                                                                                                                                           |                6 |             12 |
|  design_1_i/processing_system7_0/inst/FCLK_CLK0    | design_1_i/ps7_0_axi_periph/s00_couplers/auto_pc/inst/gen_axilite.gen_b2s_conv.axilite_b2s/WR.aw_channel_0/aw_cmd_fsm_0/E[0]                                                                    |                                                                                                                                                           |                4 |             12 |
|  design_1_i/processing_system7_0/inst/FCLK_CLK0    | design_1_i/ps7_0_axi_periph/s00_couplers/auto_pc/inst/gen_axilite.gen_b2s_conv.axilite_b2s/RD.ar_channel_0/ar_cmd_fsm_0/sel_first_reg[0]                                                        |                                                                                                                                                           |                2 |             12 |
|  design_1_i/processing_system7_0/inst/FCLK_CLK0    | design_1_i/ps7_0_axi_periph/s00_couplers/auto_pc/inst/gen_axilite.gen_b2s_conv.axilite_b2s/RD.r_channel_0/r_push_r                                                                              |                                                                                                                                                           |                4 |             13 |
|  design_1_i/processing_system7_0/inst/FCLK_CLK0    |                                                                                                                                                                                                 | design_1_i/ps7_0_axi_periph/xbar/inst/gen_sasd.crossbar_sasd_0/addr_arbiter_inst/SR[0]                                                                    |                4 |             13 |
|  design_1_i/processing_system7_0/inst/FCLK_CLK0    | design_1_i/ps7_0_axi_periph/s00_couplers/auto_pc/inst/gen_axilite.gen_b2s_conv.axilite_b2s/SI_REG/b.b_pipe/s_ready_i_reg_0                                                                      |                                                                                                                                                           |                2 |             14 |
|  design_1_i/processing_system7_0/inst/FCLK_CLK0    | design_1_i/ps7_0_axi_periph/s00_couplers/auto_pc/inst/gen_axilite.gen_b2s_conv.axilite_b2s/SI_REG/b.b_pipe/p_1_in                                                                               |                                                                                                                                                           |                2 |             14 |
|  design_1_i/processing_system7_0/inst/FCLK_CLK0    | design_1_i/ps7_0_axi_periph/xbar/inst/gen_sasd.crossbar_sasd_0/reg_slice_r/aa_rready                                                                                                            |                                                                                                                                                           |                6 |             15 |
|  design_1_i/processing_system7_0/inst/FCLK_CLK0    | design_1_i/ps7_0_axi_periph/s00_couplers/auto_pc/inst/gen_axilite.gen_b2s_conv.axilite_b2s/WR.aw_channel_0/aw_cmd_fsm_0/b_push                                                                  |                                                                                                                                                           |                3 |             16 |
|  design_1_i/processing_system7_0/inst/FCLK_CLK0    | design_1_i/ps7_0_axi_periph/xbar/inst/gen_sasd.crossbar_sasd_0/addr_arbiter_inst/p_0_in1_in                                                                                                     | design_1_i/ps7_0_axi_periph/xbar/inst/gen_sasd.crossbar_sasd_0/addr_arbiter_inst/SR[0]                                                                    |                7 |             19 |
|  design_1_i/top_0/inst/instance_name/inst/clk_out1 | design_1_i/top_0/inst/ReadMic/your_instance_name5/U0/i_synth/decimator.decimation_filter/comb/gen_stages[0].gen_folded.int_comb_stage/gen_nd_out_dly/comb_nd_out                                |                                                                                                                                                           |                6 |             20 |
|  design_1_i/top_0/inst/instance_name/inst/clk_out1 | design_1_i/top_0/inst/ReadMic/your_instance_name2/U0/i_synth/decimator.decimation_filter/int/gen_stages[0].gen_folded.int_comb_stage/gen_split_accum[0].gen_mem_we/WE                           |                                                                                                                                                           |                6 |             20 |
|  design_1_i/top_0/inst/instance_name/inst/clk_out1 | design_1_i/top_0/inst/ReadMic/your_instance_name5/U0/i_synth/decimator.decimation_filter/int/gen_stages[0].gen_folded.int_comb_stage/gen_split_accum[0].gen_mem_we/WE                           |                                                                                                                                                           |                6 |             20 |
|  design_1_i/top_0/inst/instance_name/inst/clk_out1 | design_1_i/top_0/inst/ReadMic/your_instance_name4/U0/i_synth/decimator.decimation_filter/int/gen_stages[0].gen_folded.int_comb_stage/gen_split_accum[0].gen_mem_we/WE                           |                                                                                                                                                           |                6 |             20 |
|  design_1_i/top_0/inst/instance_name/inst/clk_out1 | design_1_i/top_0/inst/ReadMic/your_instance_name6/U0/i_synth/decimator.decimation_filter/comb/gen_stages[0].gen_folded.int_comb_stage/gen_nd_out_dly/comb_nd_out                                |                                                                                                                                                           |                7 |             20 |
|  design_1_i/top_0/inst/instance_name/inst/clk_out1 | design_1_i/top_0/inst/ReadMic/your_instance_name3/U0/i_synth/decimator.decimation_filter/comb/gen_stages[0].gen_folded.int_comb_stage/gen_nd_out_dly/comb_nd_out                                |                                                                                                                                                           |                6 |             20 |
|  design_1_i/top_0/inst/instance_name/inst/clk_out1 | design_1_i/top_0/inst/ReadMic/your_instance_name4/U0/i_synth/decimator.decimation_filter/comb/gen_stages[0].gen_folded.int_comb_stage/gen_nd_out_dly/comb_nd_out                                |                                                                                                                                                           |                3 |             20 |
|  design_1_i/top_0/inst/instance_name/inst/clk_out1 | design_1_i/top_0/inst/ReadMic/your_instance_name1/U0/i_synth/decimator.decimation_filter/comb/gen_stages[0].gen_folded.int_comb_stage/gen_nd_out_dly/comb_nd_out                                |                                                                                                                                                           |                3 |             20 |
|  design_1_i/top_0/inst/instance_name/inst/clk_out1 | design_1_i/top_0/inst/ReadMic/your_instance_name6/U0/i_synth/decimator.decimation_filter/int/gen_stages[0].gen_folded.int_comb_stage/gen_split_accum[0].gen_mem_we/WE                           |                                                                                                                                                           |                6 |             20 |
|  design_1_i/top_0/inst/instance_name/inst/clk_out1 | design_1_i/top_0/inst/ReadMic/your_instance_name2/U0/i_synth/decimator.decimation_filter/comb/gen_stages[0].gen_folded.int_comb_stage/gen_nd_out_dly/comb_nd_out                                |                                                                                                                                                           |                5 |             20 |
|  design_1_i/top_0/inst/instance_name/inst/clk_out1 | design_1_i/top_0/inst/ReadMic/your_instance_name1/U0/i_synth/decimator.decimation_filter/int/gen_stages[0].gen_folded.int_comb_stage/gen_split_accum[0].gen_mem_we/WE                           |                                                                                                                                                           |                4 |             20 |
|  design_1_i/top_0/inst/instance_name/inst/clk_out1 | design_1_i/top_0/inst/ReadMic/your_instance_name3/U0/i_synth/decimator.decimation_filter/int/gen_stages[0].gen_folded.int_comb_stage/gen_split_accum[0].gen_mem_we/WE                           |                                                                                                                                                           |                6 |             20 |
|  design_1_i/processing_system7_0/inst/FCLK_CLK0    | design_1_i/ps7_0_axi_periph/s00_couplers/auto_pc/inst/gen_axilite.gen_b2s_conv.axilite_b2s/RD.ar_channel_0/ar_cmd_fsm_0/m_axi_arready_0                                                         |                                                                                                                                                           |                9 |             21 |
|  design_1_i/processing_system7_0/inst/FCLK_CLK0    | design_1_i/ps7_0_axi_periph/s00_couplers/auto_pc/inst/gen_axilite.gen_b2s_conv.axilite_b2s/WR.aw_channel_0/aw_cmd_fsm_0/m_valid_i_reg_0                                                         |                                                                                                                                                           |                8 |             21 |
|  design_1_i/processing_system7_0/inst/FCLK_CLK0    | design_1_i/axi_gpio_2/U0/AXI_LITE_IPIF_I/I_SLAVE_ATTACHMENT/I_DECODER/bus2ip_rnw_i_reg[0]                                                                                                       | design_1_i/axi_gpio_2/U0/AXI_LITE_IPIF_I/I_SLAVE_ATTACHMENT/SR[0]                                                                                         |                5 |             24 |
|  design_1_i/processing_system7_0/inst/FCLK_CLK0    | design_1_i/axi_gpio_2/U0/AXI_LITE_IPIF_I/I_SLAVE_ATTACHMENT/I_DECODER/bus2ip_rnw_i_reg_1[0]                                                                                                     | design_1_i/axi_gpio_2/U0/AXI_LITE_IPIF_I/I_SLAVE_ATTACHMENT/SR[0]                                                                                         |                4 |             24 |
|  design_1_i/processing_system7_0/inst/FCLK_CLK0    | design_1_i/axi_gpio_1/U0/AXI_LITE_IPIF_I/I_SLAVE_ATTACHMENT/I_DECODER/bus2ip_rnw_i_reg_1[0]                                                                                                     | design_1_i/axi_gpio_1/U0/AXI_LITE_IPIF_I/I_SLAVE_ATTACHMENT/SR[0]                                                                                         |                4 |             24 |
|  design_1_i/processing_system7_0/inst/FCLK_CLK0    | design_1_i/axi_gpio_0/U0/AXI_LITE_IPIF_I/I_SLAVE_ATTACHMENT/I_DECODER/bus2ip_rnw_i_reg_1[0]                                                                                                     | design_1_i/axi_gpio_0/U0/AXI_LITE_IPIF_I/I_SLAVE_ATTACHMENT/SR[0]                                                                                         |                4 |             24 |
|  design_1_i/processing_system7_0/inst/FCLK_CLK0    | design_1_i/axi_gpio_1/U0/AXI_LITE_IPIF_I/I_SLAVE_ATTACHMENT/I_DECODER/bus2ip_rnw_i_reg[0]                                                                                                       | design_1_i/axi_gpio_1/U0/AXI_LITE_IPIF_I/I_SLAVE_ATTACHMENT/SR[0]                                                                                         |                5 |             24 |
|  design_1_i/processing_system7_0/inst/FCLK_CLK0    | design_1_i/axi_gpio_0/U0/AXI_LITE_IPIF_I/I_SLAVE_ATTACHMENT/I_DECODER/bus2ip_rnw_i_reg[0]                                                                                                       | design_1_i/axi_gpio_0/U0/AXI_LITE_IPIF_I/I_SLAVE_ATTACHMENT/SR[0]                                                                                         |                5 |             24 |
|  design_1_i/processing_system7_0/inst/FCLK_CLK0    | design_1_i/axi_gpio_0/U0/AXI_LITE_IPIF_I/I_SLAVE_ATTACHMENT/s_axi_rresp_i                                                                                                                       | design_1_i/axi_gpio_0/U0/AXI_LITE_IPIF_I/I_SLAVE_ATTACHMENT/SR[0]                                                                                         |                6 |             25 |
|  design_1_i/processing_system7_0/inst/FCLK_CLK0    | design_1_i/axi_gpio_1/U0/AXI_LITE_IPIF_I/I_SLAVE_ATTACHMENT/s_axi_rresp_i                                                                                                                       | design_1_i/axi_gpio_1/U0/AXI_LITE_IPIF_I/I_SLAVE_ATTACHMENT/SR[0]                                                                                         |                4 |             25 |
|  design_1_i/processing_system7_0/inst/FCLK_CLK0    | design_1_i/axi_gpio_2/U0/AXI_LITE_IPIF_I/I_SLAVE_ATTACHMENT/s_axi_rresp_i                                                                                                                       | design_1_i/axi_gpio_2/U0/AXI_LITE_IPIF_I/I_SLAVE_ATTACHMENT/SR[0]                                                                                         |                4 |             25 |
|  design_1_i/processing_system7_0/inst/FCLK_CLK0    | design_1_i/ps7_0_axi_periph/s00_couplers/auto_pc/inst/gen_axilite.gen_b2s_conv.axilite_b2s/RD.r_channel_0/rd_data_fifo_0/wr_en0                                                                 |                                                                                                                                                           |                9 |             34 |
|  design_1_i/processing_system7_0/inst/FCLK_CLK0    | design_1_i/ps7_0_axi_periph/xbar/inst/gen_sasd.crossbar_sasd_0/addr_arbiter_inst/E[0]                                                                                                           |                                                                                                                                                           |                7 |             35 |
|  design_1_i/processing_system7_0/inst/FCLK_CLK0    |                                                                                                                                                                                                 | design_1_i/axi_gpio_0/U0/AXI_LITE_IPIF_I/I_SLAVE_ATTACHMENT/SR[0]                                                                                         |               12 |             40 |
|  design_1_i/processing_system7_0/inst/FCLK_CLK0    |                                                                                                                                                                                                 | design_1_i/axi_gpio_2/U0/AXI_LITE_IPIF_I/I_SLAVE_ATTACHMENT/SR[0]                                                                                         |               13 |             40 |
|  design_1_i/top_0/inst/instance_name/inst/clk_out1 | design_1_i/top_0/inst/ReadMic/your_instance_name4/U0/i_synth/decimator.decimation_filter/comb/gen_stages[0].gen_folded.int_comb_stage/gen_split_accum[0].gen_mem_we/WE                          |                                                                                                                                                           |                6 |             40 |
|  design_1_i/top_0/inst/instance_name/inst/clk_out1 | design_1_i/top_0/inst/ReadMic/your_instance_name5/U0/i_synth/decimator.decimation_filter/comb/gen_stages[0].gen_folded.int_comb_stage/gen_split_accum[0].gen_mem_we/WE                          |                                                                                                                                                           |                9 |             40 |
|  design_1_i/top_0/inst/instance_name/inst/clk_out1 | design_1_i/top_0/inst/ReadMic/your_instance_name1/U0/i_synth/decimator.decimation_filter/comb/gen_stages[0].gen_folded.int_comb_stage/gen_split_accum[0].gen_mem_we/WE                          |                                                                                                                                                           |                7 |             40 |
|  design_1_i/top_0/inst/instance_name/inst/clk_out1 | design_1_i/top_0/inst/ReadMic/your_instance_name3/U0/i_synth/decimator.decimation_filter/comb/gen_stages[0].gen_folded.int_comb_stage/gen_split_accum[0].gen_mem_we/WE                          |                                                                                                                                                           |                9 |             40 |
|  design_1_i/top_0/inst/instance_name/inst/clk_out1 | design_1_i/top_0/inst/ReadMic/your_instance_name6/U0/i_synth/decimator.decimation_filter/comb/gen_stages[0].gen_folded.int_comb_stage/gen_split_accum[0].gen_mem_we/WE                          |                                                                                                                                                           |                9 |             40 |
|  design_1_i/processing_system7_0/inst/FCLK_CLK0    |                                                                                                                                                                                                 | design_1_i/axi_gpio_1/U0/AXI_LITE_IPIF_I/I_SLAVE_ATTACHMENT/SR[0]                                                                                         |               12 |             40 |
|  design_1_i/top_0/inst/instance_name/inst/clk_out1 | design_1_i/top_0/inst/ReadMic/your_instance_name2/U0/i_synth/decimator.decimation_filter/comb/gen_stages[0].gen_folded.int_comb_stage/gen_split_accum[0].gen_mem_we/WE                          |                                                                                                                                                           |                6 |             40 |
|  design_1_i/processing_system7_0/inst/FCLK_CLK0    | design_1_i/ps7_0_axi_periph/s00_couplers/auto_pc/inst/gen_axilite.gen_b2s_conv.axilite_b2s/SI_REG/r.r_pipe/s_ready_i_reg_0                                                                      |                                                                                                                                                           |               10 |             47 |
|  design_1_i/processing_system7_0/inst/FCLK_CLK0    | design_1_i/ps7_0_axi_periph/s00_couplers/auto_pc/inst/gen_axilite.gen_b2s_conv.axilite_b2s/SI_REG/r.r_pipe/p_1_in                                                                               |                                                                                                                                                           |                7 |             47 |
|  design_1_i/processing_system7_0/inst/FCLK_CLK0    |                                                                                                                                                                                                 | design_1_i/axi_gpio_0/U0/AXI_LITE_IPIF_I/I_SLAVE_ATTACHMENT/I_DECODER/bus2ip_rnw_i_reg_2                                                                  |               14 |             48 |
|  design_1_i/processing_system7_0/inst/FCLK_CLK0    |                                                                                                                                                                                                 | design_1_i/axi_gpio_2/U0/AXI_LITE_IPIF_I/I_SLAVE_ATTACHMENT/I_DECODER/bus2ip_rnw_i_reg_2                                                                  |               15 |             48 |
|  design_1_i/processing_system7_0/inst/FCLK_CLK0    | design_1_i/ps7_0_axi_periph/s00_couplers/auto_pc/inst/gen_axilite.gen_b2s_conv.axilite_b2s/RD.ar_channel_0/ar_cmd_fsm_0/FSM_sequential_state_reg[1]_1[0]                                        |                                                                                                                                                           |                9 |             48 |
|  design_1_i/processing_system7_0/inst/FCLK_CLK0    | design_1_i/ps7_0_axi_periph/s00_couplers/auto_pc/inst/gen_axilite.gen_b2s_conv.axilite_b2s/SI_REG/aw.aw_pipe/s_ready_i_reg_0                                                                    |                                                                                                                                                           |                8 |             48 |
|  design_1_i/processing_system7_0/inst/FCLK_CLK0    | design_1_i/ps7_0_axi_periph/s00_couplers/auto_pc/inst/gen_axilite.gen_b2s_conv.axilite_b2s/SI_REG/ar.ar_pipe/s_ready_i_reg_0                                                                    |                                                                                                                                                           |               12 |             48 |
|  design_1_i/processing_system7_0/inst/FCLK_CLK0    | design_1_i/ps7_0_axi_periph/s00_couplers/auto_pc/inst/gen_axilite.gen_b2s_conv.axilite_b2s/WR.aw_channel_0/aw_cmd_fsm_0/m_valid_i_reg_1[0]                                                      |                                                                                                                                                           |                9 |             48 |
|  design_1_i/processing_system7_0/inst/FCLK_CLK0    |                                                                                                                                                                                                 | design_1_i/axi_gpio_1/U0/AXI_LITE_IPIF_I/I_SLAVE_ATTACHMENT/I_DECODER/bus2ip_rnw_i_reg_2                                                                  |               12 |             48 |
|  design_1_i/top_0/inst/instance_name/inst/clk_out1 |                                                                                                                                                                                                 |                                                                                                                                                           |              110 |            559 |
|  design_1_i/processing_system7_0/inst/FCLK_CLK0    |                                                                                                                                                                                                 |                                                                                                                                                           |              215 |            875 |
+----------------------------------------------------+-------------------------------------------------------------------------------------------------------------------------------------------------------------------------------------------------+-----------------------------------------------------------------------------------------------------------------------------------------------------------+------------------+----------------+


